<?xml version="1.0" encoding="UTF-8"?>
<!-- Generated by org.testng.reporters.JUnitReportReporter -->
<testsuite hostname="Bhavesh-Shah" failures="0" tests="2" name="com.gmail.test.Testscript_03" time="43.119" errors="0" timestamp="21 Sep 2019 16:03:07 GMT" skipped="0">
  <testcase classname="com.gmail.test.Testscript_03" name="Testscript_03" time="12.438"/>
  <testcase classname="com.gmail.test.Testscript_03" name="Testscript_03" time="30.681"/>
</testsuite> <!-- com.gmail.test.Testscript_03 -->
